<?xml version="1.0" encoding="UTF-8"?>
<!-- Generated by org.testng.reporters.JUnitReportReporter -->
<testsuite skipped="0" hostname="DESKTOP-5P0UC5Q" name="test.LoginTest" tests="1" failures="0" timestamp="2021-08-01T19:07:14 IST" time="6.110" errors="0">
  <testcase name="LoginT" time="6.110" classname="test.LoginTest"/>
  <system-out/>
</testsuite> <!-- test.LoginTest -->
